<?xml version="1.0" encoding="UTF-8"?>
<testng-results ignored="0" total="1" passed="1" failed="0" skipped="0">
  <reporter-output>
  </reporter-output>
  <suite started-at="2024-06-11T11:12:56 IST" name="Default suite" finished-at="2024-06-11T11:13:08 IST" duration-ms="12782">
    <groups>
    </groups>
    <test started-at="2024-06-11T11:12:56 IST" name="Default test" finished-at="2024-06-11T11:13:08 IST" duration-ms="12782">
      <class name="PopUps.WindowHandlingEx1">
        <test-method signature="windowHandlingEx1()[pri:0, instance:PopUps.WindowHandlingEx1@544fa968]" started-at="2024-06-11T11:12:56 IST" name="windowHandlingEx1" finished-at="2024-06-11T11:13:08 IST" duration-ms="12718" status="PASS">
          <reporter-output>
          </reporter-output>
        </test-method> <!-- windowHandlingEx1 -->
      </class> <!-- PopUps.WindowHandlingEx1 -->
    </test> <!-- Default test -->
  </suite> <!-- Default suite -->
</testng-results>
